2018-09-15 11:32:37.959  INFO 1632 --- [main] com.online.OnlineparkingApplication      : Starting OnlineparkingApplication on WINCTRL-M2ISIS1 with PID 1632 (F:\onlineparking-app\onlineparking\bin\main started by hp in F:\onlineparking-app\onlineparking)
2018-09-15 11:32:37.971  INFO 1632 --- [main] com.online.OnlineparkingApplication      : No active profile set, falling back to default profiles: default
2018-09-15 11:32:38.331  INFO 1632 --- [main] ConfigServletWebServerApplicationContext : Refreshing org.springframework.boot.web.servlet.context.AnnotationConfigServletWebServerApplicationContext@4ddced80: startup date [Sat Sep 15 11:32:38 IST 2018]; root of context hierarchy
2018-09-15 11:32:41.273  INFO 1632 --- [main] o.s.b.w.embedded.tomcat.TomcatWebServer  : Tomcat initialized with port(s): 2020 (http)
2018-09-15 11:32:41.724  INFO 1632 --- [main] o.apache.catalina.core.StandardService   : Starting service [Tomcat]
2018-09-15 11:32:41.725  INFO 1632 --- [main] org.apache.catalina.core.StandardEngine  : Starting Servlet Engine: Apache Tomcat/8.5.34
2018-09-15 11:32:41.734  INFO 1632 --- [localhost-startStop-1] o.a.catalina.core.AprLifecycleListener   : The APR based Apache Tomcat Native library which allows optimal performance in production environments was not found on the java.library.path: [C:\Program Files\Java\jre1.8.0_92\bin;C:\Windows\Sun\Java\bin;C:\Windows\system32;C:\Windows;C:/Program Files/Java/jre1.8.0_92/bin/server;C:/Program Files/Java/jre1.8.0_92/bin;C:/Program Files/Java/jre1.8.0_92/lib/amd64;C:\ProgramData\Oracle\Java\javapath;E:\apache-maven-3.3.9\bin;C:\Program Files\Java\jdk1.7.0_80\bin;C:\Program Files (x86)\Java\jdk1.7.0\bin;C:\oraclexe\app\oracle\product\11.2.0\server\bin;.;C:\Program Files (x86)\Skype\Phone\;C:\Program Files\Java\jdk1.8.0_92\jre;.C:\Program Files\Java\jre7;.;F:\sts-3.9.5.RELEASE;;.]
2018-09-15 11:32:42.163  INFO 1632 --- [localhost-startStop-1] o.a.c.c.C.[.[.[/onlineparking]           : Initializing Spring embedded WebApplicationContext
2018-09-15 11:32:42.164  INFO 1632 --- [localhost-startStop-1] o.s.web.context.ContextLoader            : Root WebApplicationContext: initialization completed in 3833 ms
2018-09-15 11:32:42.256  INFO 1632 --- [localhost-startStop-1] o.s.b.w.servlet.ServletRegistrationBean  : Servlet dispatcherServlet mapped to [/]
2018-09-15 11:32:42.260  INFO 1632 --- [localhost-startStop-1] o.s.b.w.servlet.FilterRegistrationBean   : Mapping filter: 'characterEncodingFilter' to: [/*]
2018-09-15 11:32:42.261  INFO 1632 --- [localhost-startStop-1] o.s.b.w.servlet.FilterRegistrationBean   : Mapping filter: 'hiddenHttpMethodFilter' to: [/*]
2018-09-15 11:32:42.261  INFO 1632 --- [localhost-startStop-1] o.s.b.w.servlet.FilterRegistrationBean   : Mapping filter: 'httpPutFormContentFilter' to: [/*]
2018-09-15 11:32:42.261  INFO 1632 --- [localhost-startStop-1] o.s.b.w.servlet.FilterRegistrationBean   : Mapping filter: 'requestContextFilter' to: [/*]
2018-09-15 11:32:42.613  INFO 1632 --- [main] o.s.w.s.handler.SimpleUrlHandlerMapping  : Mapped URL path [/**/favicon.ico] onto handler of type [class org.springframework.web.servlet.resource.ResourceHttpRequestHandler]
2018-09-15 11:32:42.844  INFO 1632 --- [main] s.w.s.m.m.a.RequestMappingHandlerAdapter : Looking for @ControllerAdvice: org.springframework.boot.web.servlet.context.AnnotationConfigServletWebServerApplicationContext@4ddced80: startup date [Sat Sep 15 11:32:38 IST 2018]; root of context hierarchy
2018-09-15 11:32:42.897  INFO 1632 --- [main] s.w.s.m.m.a.RequestMappingHandlerMapping : Mapped "{[/mvc/onlineRegister],methods=[POST]}" onto public java.lang.Boolean com.online.module.admin.RagistrationController.insert(com.online.module.bean.RagistrationVO)
2018-09-15 11:32:42.898  INFO 1632 --- [main] s.w.s.m.m.a.RequestMappingHandlerMapping : Mapped "{[/mvc/getAllCity],methods=[POST]}" onto public java.util.List<com.online.module.bean.CityVO> com.online.module.admin.RagistrationController.getAllCity()
2018-09-15 11:32:42.901  INFO 1632 --- [main] s.w.s.m.m.a.RequestMappingHandlerMapping : Mapped "{[/error]}" onto public org.springframework.http.ResponseEntity<java.util.Map<java.lang.String, java.lang.Object>> org.springframework.boot.autoconfigure.web.servlet.error.BasicErrorController.error(javax.servlet.http.HttpServletRequest)
2018-09-15 11:32:42.902  INFO 1632 --- [main] s.w.s.m.m.a.RequestMappingHandlerMapping : Mapped "{[/error],produces=[text/html]}" onto public org.springframework.web.servlet.ModelAndView org.springframework.boot.autoconfigure.web.servlet.error.BasicErrorController.errorHtml(javax.servlet.http.HttpServletRequest,javax.servlet.http.HttpServletResponse)
2018-09-15 11:32:42.929  INFO 1632 --- [main] o.s.w.s.handler.SimpleUrlHandlerMapping  : Mapped URL path [/webjars/**] onto handler of type [class org.springframework.web.servlet.resource.ResourceHttpRequestHandler]
2018-09-15 11:32:42.929  INFO 1632 --- [main] o.s.w.s.handler.SimpleUrlHandlerMapping  : Mapped URL path [/**] onto handler of type [class org.springframework.web.servlet.resource.ResourceHttpRequestHandler]
2018-09-15 11:32:43.232  INFO 1632 --- [main] o.s.b.w.embedded.tomcat.TomcatWebServer  : Tomcat started on port(s): 2020 (http) with context path '/onlineparking'
2018-09-15 11:32:43.236  INFO 1632 --- [main] com.online.OnlineparkingApplication      : Started OnlineparkingApplication in 6.016 seconds (JVM running for 7.192)
2018-09-15 11:33:01.422  INFO 1632 --- [RMI TCP Connection(2)-127.0.0.1] inMXBeanRegistrar$SpringApplicationAdmin : Application shutdown requested.
2018-09-15 11:33:01.423  INFO 1632 --- [RMI TCP Connection(2)-127.0.0.1] ConfigServletWebServerApplicationContext : Closing org.springframework.boot.web.servlet.context.AnnotationConfigServletWebServerApplicationContext@4ddced80: startup date [Sat Sep 15 11:32:38 IST 2018]; root of context hierarchy
2018-09-15 11:33:35.611  INFO 6040 --- [main] com.online.OnlineparkingApplication      : Starting OnlineparkingApplication on WINCTRL-M2ISIS1 with PID 6040 (F:\onlineparking-app\onlineparking\bin\main started by hp in F:\onlineparking-app\onlineparking)
2018-09-15 11:33:35.614  INFO 6040 --- [main] com.online.OnlineparkingApplication      : No active profile set, falling back to default profiles: default
2018-09-15 11:33:35.656  INFO 6040 --- [main] ConfigServletWebServerApplicationContext : Refreshing org.springframework.boot.web.servlet.context.AnnotationConfigServletWebServerApplicationContext@20d28811: startup date [Sat Sep 15 11:33:35 IST 2018]; root of context hierarchy
2018-09-15 11:33:36.934  INFO 6040 --- [main] o.s.b.w.embedded.tomcat.TomcatWebServer  : Tomcat initialized with port(s): 2020 (http)
2018-09-15 11:33:36.959  INFO 6040 --- [main] o.apache.catalina.core.StandardService   : Starting service [Tomcat]
2018-09-15 11:33:36.959  INFO 6040 --- [main] org.apache.catalina.core.StandardEngine  : Starting Servlet Engine: Apache Tomcat/8.5.34
2018-09-15 11:33:36.964  INFO 6040 --- [localhost-startStop-1] o.a.catalina.core.AprLifecycleListener   : The APR based Apache Tomcat Native library which allows optimal performance in production environments was not found on the java.library.path: [C:\Program Files\Java\jre1.8.0_92\bin;C:\Windows\Sun\Java\bin;C:\Windows\system32;C:\Windows;C:/Program Files/Java/jre1.8.0_92/bin/server;C:/Program Files/Java/jre1.8.0_92/bin;C:/Program Files/Java/jre1.8.0_92/lib/amd64;C:\ProgramData\Oracle\Java\javapath;E:\apache-maven-3.3.9\bin;C:\Program Files\Java\jdk1.7.0_80\bin;C:\Program Files (x86)\Java\jdk1.7.0\bin;C:\oraclexe\app\oracle\product\11.2.0\server\bin;.;C:\Program Files (x86)\Skype\Phone\;C:\Program Files\Java\jdk1.8.0_92\jre;.C:\Program Files\Java\jre7;.;F:\sts-3.9.5.RELEASE;;.]
2018-09-15 11:33:37.081  INFO 6040 --- [localhost-startStop-1] o.a.c.c.C.[.[.[/onlineparking]           : Initializing Spring embedded WebApplicationContext
2018-09-15 11:33:37.082  INFO 6040 --- [localhost-startStop-1] o.s.web.context.ContextLoader            : Root WebApplicationContext: initialization completed in 1426 ms
2018-09-15 11:33:37.168  INFO 6040 --- [localhost-startStop-1] o.s.b.w.servlet.ServletRegistrationBean  : Servlet dispatcherServlet mapped to [/]
2018-09-15 11:33:37.172  INFO 6040 --- [localhost-startStop-1] o.s.b.w.servlet.FilterRegistrationBean   : Mapping filter: 'characterEncodingFilter' to: [/*]
2018-09-15 11:33:37.173  INFO 6040 --- [localhost-startStop-1] o.s.b.w.servlet.FilterRegistrationBean   : Mapping filter: 'hiddenHttpMethodFilter' to: [/*]
2018-09-15 11:33:37.173  INFO 6040 --- [localhost-startStop-1] o.s.b.w.servlet.FilterRegistrationBean   : Mapping filter: 'httpPutFormContentFilter' to: [/*]
2018-09-15 11:33:37.173  INFO 6040 --- [localhost-startStop-1] o.s.b.w.servlet.FilterRegistrationBean   : Mapping filter: 'requestContextFilter' to: [/*]
2018-09-15 11:33:37.456  INFO 6040 --- [main] o.s.w.s.handler.SimpleUrlHandlerMapping  : Mapped URL path [/**/favicon.ico] onto handler of type [class org.springframework.web.servlet.resource.ResourceHttpRequestHandler]
2018-09-15 11:33:37.639  INFO 6040 --- [main] s.w.s.m.m.a.RequestMappingHandlerAdapter : Looking for @ControllerAdvice: org.springframework.boot.web.servlet.context.AnnotationConfigServletWebServerApplicationContext@20d28811: startup date [Sat Sep 15 11:33:35 IST 2018]; root of context hierarchy
2018-09-15 11:33:37.702  INFO 6040 --- [main] s.w.s.m.m.a.RequestMappingHandlerMapping : Mapped "{[/mvc/onlineRegister],methods=[POST]}" onto public java.lang.Boolean com.online.module.admin.RagistrationController.insert(com.online.module.bean.RagistrationVO)
2018-09-15 11:33:37.703  INFO 6040 --- [main] s.w.s.m.m.a.RequestMappingHandlerMapping : Mapped "{[/mvc/getAllCity],methods=[GET]}" onto public java.util.List<com.online.module.bean.CityVO> com.online.module.admin.RagistrationController.getAllCity()
2018-09-15 11:33:37.706  INFO 6040 --- [main] s.w.s.m.m.a.RequestMappingHandlerMapping : Mapped "{[/error]}" onto public org.springframework.http.ResponseEntity<java.util.Map<java.lang.String, java.lang.Object>> org.springframework.boot.autoconfigure.web.servlet.error.BasicErrorController.error(javax.servlet.http.HttpServletRequest)
2018-09-15 11:33:37.707  INFO 6040 --- [main] s.w.s.m.m.a.RequestMappingHandlerMapping : Mapped "{[/error],produces=[text/html]}" onto public org.springframework.web.servlet.ModelAndView org.springframework.boot.autoconfigure.web.servlet.error.BasicErrorController.errorHtml(javax.servlet.http.HttpServletRequest,javax.servlet.http.HttpServletResponse)
2018-09-15 11:33:37.731  INFO 6040 --- [main] o.s.w.s.handler.SimpleUrlHandlerMapping  : Mapped URL path [/webjars/**] onto handler of type [class org.springframework.web.servlet.resource.ResourceHttpRequestHandler]
2018-09-15 11:33:37.731  INFO 6040 --- [main] o.s.w.s.handler.SimpleUrlHandlerMapping  : Mapped URL path [/**] onto handler of type [class org.springframework.web.servlet.resource.ResourceHttpRequestHandler]
2018-09-15 11:33:37.958  INFO 6040 --- [main] o.s.b.w.embedded.tomcat.TomcatWebServer  : Tomcat started on port(s): 2020 (http) with context path '/onlineparking'
2018-09-15 11:33:37.962  INFO 6040 --- [main] com.online.OnlineparkingApplication      : Started OnlineparkingApplication in 2.681 seconds (JVM running for 3.389)
2018-09-15 11:35:54.348  INFO 6040 --- [http-nio-2020-exec-1] o.a.c.c.C.[.[.[/onlineparking]           : Initializing Spring FrameworkServlet 'dispatcherServlet'
2018-09-15 11:35:54.349  INFO 6040 --- [http-nio-2020-exec-1] o.s.web.servlet.DispatcherServlet        : FrameworkServlet 'dispatcherServlet': initialization started
2018-09-15 11:35:54.384  INFO 6040 --- [http-nio-2020-exec-1] o.s.web.servlet.DispatcherServlet        : FrameworkServlet 'dispatcherServlet': initialization completed in 35 ms
2018-09-15 11:35:54.486  INFO 6040 --- [http-nio-2020-exec-1] com.zaxxer.hikari.HikariDataSource       : onlineparking - Starting...
2018-09-15 11:35:56.392  INFO 6040 --- [http-nio-2020-exec-1] com.zaxxer.hikari.HikariDataSource       : onlineparking - Start completed.
2018-09-15 11:35:56.581  INFO 6040 --- [http-nio-2020-exec-1] o.s.b.f.xml.XmlBeanDefinitionReader      : Loading XML bean definitions from class path resource [org/springframework/jdbc/support/sql-error-codes.xml]
2018-09-15 11:38:10.800  INFO 6040 --- [RMI TCP Connection(2)-127.0.0.1] inMXBeanRegistrar$SpringApplicationAdmin : Application shutdown requested.
2018-09-15 11:38:10.800  INFO 6040 --- [RMI TCP Connection(2)-127.0.0.1] ConfigServletWebServerApplicationContext : Closing org.springframework.boot.web.servlet.context.AnnotationConfigServletWebServerApplicationContext@20d28811: startup date [Sat Sep 15 11:33:35 IST 2018]; root of context hierarchy
2018-09-15 11:38:10.800  INFO 6040 --- [RMI TCP Connection(2)-127.0.0.1] com.zaxxer.hikari.HikariDataSource       : onlineparking - Shutdown initiated...
2018-09-15 11:38:10.821  INFO 6040 --- [RMI TCP Connection(2)-127.0.0.1] com.zaxxer.hikari.HikariDataSource       : onlineparking - Shutdown completed.
2018-09-15 11:38:23.159  INFO 3756 --- [main] com.online.OnlineparkingApplication      : Starting OnlineparkingApplication on WINCTRL-M2ISIS1 with PID 3756 (F:\onlineparking-app\onlineparking\bin\main started by hp in F:\onlineparking-app\onlineparking)
2018-09-15 11:38:23.165  INFO 3756 --- [main] com.online.OnlineparkingApplication      : No active profile set, falling back to default profiles: default
2018-09-15 11:38:23.250  INFO 3756 --- [main] ConfigServletWebServerApplicationContext : Refreshing org.springframework.boot.web.servlet.context.AnnotationConfigServletWebServerApplicationContext@20d28811: startup date [Sat Sep 15 11:38:23 IST 2018]; root of context hierarchy
2018-09-15 11:38:24.663  INFO 3756 --- [main] o.s.b.w.embedded.tomcat.TomcatWebServer  : Tomcat initialized with port(s): 2020 (http)
2018-09-15 11:38:24.684  INFO 3756 --- [main] o.apache.catalina.core.StandardService   : Starting service [Tomcat]
2018-09-15 11:38:24.684  INFO 3756 --- [main] org.apache.catalina.core.StandardEngine  : Starting Servlet Engine: Apache Tomcat/8.5.34
2018-09-15 11:38:24.694  INFO 3756 --- [localhost-startStop-1] o.a.catalina.core.AprLifecycleListener   : The APR based Apache Tomcat Native library which allows optimal performance in production environments was not found on the java.library.path: [C:\Program Files\Java\jre1.8.0_92\bin;C:\Windows\Sun\Java\bin;C:\Windows\system32;C:\Windows;C:/Program Files/Java/jre1.8.0_92/bin/server;C:/Program Files/Java/jre1.8.0_92/bin;C:/Program Files/Java/jre1.8.0_92/lib/amd64;C:\ProgramData\Oracle\Java\javapath;E:\apache-maven-3.3.9\bin;C:\Program Files\Java\jdk1.7.0_80\bin;C:\Program Files (x86)\Java\jdk1.7.0\bin;C:\oraclexe\app\oracle\product\11.2.0\server\bin;.;C:\Program Files (x86)\Skype\Phone\;C:\Program Files\Java\jdk1.8.0_92\jre;.C:\Program Files\Java\jre7;.;F:\sts-3.9.5.RELEASE;;.]
2018-09-15 11:38:24.794  INFO 3756 --- [localhost-startStop-1] o.a.c.c.C.[.[.[/onlineparking]           : Initializing Spring embedded WebApplicationContext
2018-09-15 11:38:24.804  INFO 3756 --- [localhost-startStop-1] o.s.web.context.ContextLoader            : Root WebApplicationContext: initialization completed in 1554 ms
2018-09-15 11:38:24.854  INFO 3756 --- [localhost-startStop-1] o.s.b.w.servlet.ServletRegistrationBean  : Servlet dispatcherServlet mapped to [/]
2018-09-15 11:38:24.864  INFO 3756 --- [localhost-startStop-1] o.s.b.w.servlet.FilterRegistrationBean   : Mapping filter: 'characterEncodingFilter' to: [/*]
2018-09-15 11:38:24.864  INFO 3756 --- [localhost-startStop-1] o.s.b.w.servlet.FilterRegistrationBean   : Mapping filter: 'hiddenHttpMethodFilter' to: [/*]
2018-09-15 11:38:24.864  INFO 3756 --- [localhost-startStop-1] o.s.b.w.servlet.FilterRegistrationBean   : Mapping filter: 'httpPutFormContentFilter' to: [/*]
2018-09-15 11:38:24.864  INFO 3756 --- [localhost-startStop-1] o.s.b.w.servlet.FilterRegistrationBean   : Mapping filter: 'requestContextFilter' to: [/*]
2018-09-15 11:38:25.074  INFO 3756 --- [main] o.s.w.s.handler.SimpleUrlHandlerMapping  : Mapped URL path [/**/favicon.ico] onto handler of type [class org.springframework.web.servlet.resource.ResourceHttpRequestHandler]
2018-09-15 11:38:25.244  INFO 3756 --- [main] s.w.s.m.m.a.RequestMappingHandlerAdapter : Looking for @ControllerAdvice: org.springframework.boot.web.servlet.context.AnnotationConfigServletWebServerApplicationContext@20d28811: startup date [Sat Sep 15 11:38:23 IST 2018]; root of context hierarchy
2018-09-15 11:38:25.294  INFO 3756 --- [main] s.w.s.m.m.a.RequestMappingHandlerMapping : Mapped "{[/mvc/onlineRegister],methods=[POST]}" onto public java.lang.Boolean com.online.module.admin.RagistrationController.insert(com.online.module.bean.RagistrationVO)
2018-09-15 11:38:25.294  INFO 3756 --- [main] s.w.s.m.m.a.RequestMappingHandlerMapping : Mapped "{[/mvc/getAllCity],methods=[GET]}" onto public java.util.List<com.online.module.bean.CityVO> com.online.module.admin.RagistrationController.getAllCity()
2018-09-15 11:38:25.304  INFO 3756 --- [main] s.w.s.m.m.a.RequestMappingHandlerMapping : Mapped "{[/error]}" onto public org.springframework.http.ResponseEntity<java.util.Map<java.lang.String, java.lang.Object>> org.springframework.boot.autoconfigure.web.servlet.error.BasicErrorController.error(javax.servlet.http.HttpServletRequest)
2018-09-15 11:38:25.304  INFO 3756 --- [main] s.w.s.m.m.a.RequestMappingHandlerMapping : Mapped "{[/error],produces=[text/html]}" onto public org.springframework.web.servlet.ModelAndView org.springframework.boot.autoconfigure.web.servlet.error.BasicErrorController.errorHtml(javax.servlet.http.HttpServletRequest,javax.servlet.http.HttpServletResponse)
2018-09-15 11:38:25.334  INFO 3756 --- [main] o.s.w.s.handler.SimpleUrlHandlerMapping  : Mapped URL path [/webjars/**] onto handler of type [class org.springframework.web.servlet.resource.ResourceHttpRequestHandler]
2018-09-15 11:38:25.334  INFO 3756 --- [main] o.s.w.s.handler.SimpleUrlHandlerMapping  : Mapped URL path [/**] onto handler of type [class org.springframework.web.servlet.resource.ResourceHttpRequestHandler]
2018-09-15 11:38:25.574  INFO 3756 --- [main] o.s.b.w.embedded.tomcat.TomcatWebServer  : Tomcat started on port(s): 2020 (http) with context path '/onlineparking'
2018-09-15 11:38:25.574  INFO 3756 --- [main] com.online.OnlineparkingApplication      : Started OnlineparkingApplication in 3.046 seconds (JVM running for 3.755)
2018-09-15 11:38:47.395  INFO 3756 --- [http-nio-2020-exec-1] o.a.c.c.C.[.[.[/onlineparking]           : Initializing Spring FrameworkServlet 'dispatcherServlet'
2018-09-15 11:38:47.396  INFO 3756 --- [http-nio-2020-exec-1] o.s.web.servlet.DispatcherServlet        : FrameworkServlet 'dispatcherServlet': initialization started
2018-09-15 11:38:47.413  INFO 3756 --- [http-nio-2020-exec-1] o.s.web.servlet.DispatcherServlet        : FrameworkServlet 'dispatcherServlet': initialization completed in 17 ms
2018-09-15 11:38:47.444  INFO 3756 --- [http-nio-2020-exec-1] com.zaxxer.hikari.HikariDataSource       : onlineparking - Starting...
2018-09-15 11:38:48.500  INFO 3756 --- [http-nio-2020-exec-1] com.zaxxer.hikari.HikariDataSource       : onlineparking - Start completed.
2018-09-15 11:38:49.065  INFO 3756 --- [http-nio-2020-exec-1] o.s.b.f.xml.XmlBeanDefinitionReader      : Loading XML bean definitions from class path resource [org/springframework/jdbc/support/sql-error-codes.xml]
2018-09-15 11:39:47.524  INFO 3756 --- [RMI TCP Connection(2)-127.0.0.1] inMXBeanRegistrar$SpringApplicationAdmin : Application shutdown requested.
2018-09-15 11:39:47.524  INFO 3756 --- [RMI TCP Connection(2)-127.0.0.1] ConfigServletWebServerApplicationContext : Closing org.springframework.boot.web.servlet.context.AnnotationConfigServletWebServerApplicationContext@20d28811: startup date [Sat Sep 15 11:38:23 IST 2018]; root of context hierarchy
2018-09-15 11:39:47.534  INFO 3756 --- [RMI TCP Connection(2)-127.0.0.1] com.zaxxer.hikari.HikariDataSource       : onlineparking - Shutdown initiated...
2018-09-15 11:39:47.534  INFO 3756 --- [RMI TCP Connection(2)-127.0.0.1] com.zaxxer.hikari.HikariDataSource       : onlineparking - Shutdown completed.
2018-09-15 11:40:56.787  INFO 3528 --- [main] com.online.OnlineparkingApplication      : Starting OnlineparkingApplication on WINCTRL-M2ISIS1 with PID 3528 (F:\onlineparking-app\onlineparking\bin\main started by hp in F:\onlineparking-app\onlineparking)
2018-09-15 11:40:56.787  INFO 3528 --- [main] com.online.OnlineparkingApplication      : No active profile set, falling back to default profiles: default
2018-09-15 11:40:56.827  INFO 3528 --- [main] ConfigServletWebServerApplicationContext : Refreshing org.springframework.boot.web.servlet.context.AnnotationConfigServletWebServerApplicationContext@79b06cab: startup date [Sat Sep 15 11:40:56 IST 2018]; root of context hierarchy
2018-09-15 11:40:57.981  INFO 3528 --- [main] o.s.b.w.embedded.tomcat.TomcatWebServer  : Tomcat initialized with port(s): 2020 (http)
2018-09-15 11:40:58.009  INFO 3528 --- [main] o.apache.catalina.core.StandardService   : Starting service [Tomcat]
2018-09-15 11:40:58.009  INFO 3528 --- [main] org.apache.catalina.core.StandardEngine  : Starting Servlet Engine: Apache Tomcat/8.5.34
2018-09-15 11:40:58.009  INFO 3528 --- [localhost-startStop-1] o.a.catalina.core.AprLifecycleListener   : The APR based Apache Tomcat Native library which allows optimal performance in production environments was not found on the java.library.path: [C:\Program Files\Java\jre1.8.0_92\bin;C:\Windows\Sun\Java\bin;C:\Windows\system32;C:\Windows;C:/Program Files/Java/jre1.8.0_92/bin/server;C:/Program Files/Java/jre1.8.0_92/bin;C:/Program Files/Java/jre1.8.0_92/lib/amd64;C:\ProgramData\Oracle\Java\javapath;E:\apache-maven-3.3.9\bin;C:\Program Files\Java\jdk1.7.0_80\bin;C:\Program Files (x86)\Java\jdk1.7.0\bin;C:\oraclexe\app\oracle\product\11.2.0\server\bin;.;C:\Program Files (x86)\Skype\Phone\;C:\Program Files\Java\jdk1.8.0_92\jre;.C:\Program Files\Java\jre7;.;F:\sts-3.9.5.RELEASE;;.]
2018-09-15 11:40:58.129  INFO 3528 --- [localhost-startStop-1] o.a.c.c.C.[.[.[/onlineparking]           : Initializing Spring embedded WebApplicationContext
2018-09-15 11:40:58.129  INFO 3528 --- [localhost-startStop-1] o.s.web.context.ContextLoader            : Root WebApplicationContext: initialization completed in 1302 ms
2018-09-15 11:40:58.189  INFO 3528 --- [localhost-startStop-1] o.s.b.w.servlet.ServletRegistrationBean  : Servlet dispatcherServlet mapped to [/]
2018-09-15 11:40:58.199  INFO 3528 --- [localhost-startStop-1] o.s.b.w.servlet.FilterRegistrationBean   : Mapping filter: 'characterEncodingFilter' to: [/*]
2018-09-15 11:40:58.199  INFO 3528 --- [localhost-startStop-1] o.s.b.w.servlet.FilterRegistrationBean   : Mapping filter: 'hiddenHttpMethodFilter' to: [/*]
2018-09-15 11:40:58.199  INFO 3528 --- [localhost-startStop-1] o.s.b.w.servlet.FilterRegistrationBean   : Mapping filter: 'httpPutFormContentFilter' to: [/*]
2018-09-15 11:40:58.199  INFO 3528 --- [localhost-startStop-1] o.s.b.w.servlet.FilterRegistrationBean   : Mapping filter: 'requestContextFilter' to: [/*]
2018-09-15 11:40:58.399  INFO 3528 --- [main] o.s.w.s.handler.SimpleUrlHandlerMapping  : Mapped URL path [/**/favicon.ico] onto handler of type [class org.springframework.web.servlet.resource.ResourceHttpRequestHandler]
2018-09-15 11:40:58.589  INFO 3528 --- [main] s.w.s.m.m.a.RequestMappingHandlerAdapter : Looking for @ControllerAdvice: org.springframework.boot.web.servlet.context.AnnotationConfigServletWebServerApplicationContext@79b06cab: startup date [Sat Sep 15 11:40:56 IST 2018]; root of context hierarchy
2018-09-15 11:40:58.629  INFO 3528 --- [main] s.w.s.m.m.a.RequestMappingHandlerMapping : Mapped "{[/mvc/onlineRegister],methods=[POST]}" onto public java.lang.Boolean com.online.module.admin.RagistrationController.insert(com.online.module.bean.RagistrationVO)
2018-09-15 11:40:58.639  INFO 3528 --- [main] s.w.s.m.m.a.RequestMappingHandlerMapping : Mapped "{[/mvc/getAllCity],methods=[GET]}" onto public java.util.List<com.online.module.bean.CityVO> com.online.module.admin.RagistrationController.getAllCity()
2018-09-15 11:40:58.639  INFO 3528 --- [main] s.w.s.m.m.a.RequestMappingHandlerMapping : Mapped "{[/error]}" onto public org.springframework.http.ResponseEntity<java.util.Map<java.lang.String, java.lang.Object>> org.springframework.boot.autoconfigure.web.servlet.error.BasicErrorController.error(javax.servlet.http.HttpServletRequest)
2018-09-15 11:40:58.639  INFO 3528 --- [main] s.w.s.m.m.a.RequestMappingHandlerMapping : Mapped "{[/error],produces=[text/html]}" onto public org.springframework.web.servlet.ModelAndView org.springframework.boot.autoconfigure.web.servlet.error.BasicErrorController.errorHtml(javax.servlet.http.HttpServletRequest,javax.servlet.http.HttpServletResponse)
2018-09-15 11:40:58.669  INFO 3528 --- [main] o.s.w.s.handler.SimpleUrlHandlerMapping  : Mapped URL path [/webjars/**] onto handler of type [class org.springframework.web.servlet.resource.ResourceHttpRequestHandler]
2018-09-15 11:40:58.669  INFO 3528 --- [main] o.s.w.s.handler.SimpleUrlHandlerMapping  : Mapped URL path [/**] onto handler of type [class org.springframework.web.servlet.resource.ResourceHttpRequestHandler]
2018-09-15 11:40:58.929  INFO 3528 --- [main] o.s.b.w.embedded.tomcat.TomcatWebServer  : Tomcat started on port(s): 2020 (http) with context path '/onlineparking'
2018-09-15 11:40:58.939  INFO 3528 --- [main] com.online.OnlineparkingApplication      : Started OnlineparkingApplication in 2.493 seconds (JVM running for 3.107)
2018-09-15 11:41:15.327  INFO 3528 --- [http-nio-2020-exec-1] o.a.c.c.C.[.[.[/onlineparking]           : Initializing Spring FrameworkServlet 'dispatcherServlet'
2018-09-15 11:41:15.328  INFO 3528 --- [http-nio-2020-exec-1] o.s.web.servlet.DispatcherServlet        : FrameworkServlet 'dispatcherServlet': initialization started
2018-09-15 11:41:15.345  INFO 3528 --- [http-nio-2020-exec-1] o.s.web.servlet.DispatcherServlet        : FrameworkServlet 'dispatcherServlet': initialization completed in 17 ms
2018-09-15 11:41:15.361  INFO 3528 --- [http-nio-2020-exec-1] com.zaxxer.hikari.HikariDataSource       : onlineparking - Starting...
2018-09-15 11:41:31.519  INFO 3528 --- [http-nio-2020-exec-1] com.zaxxer.hikari.HikariDataSource       : onlineparking - Start completed.
2018-09-15 11:41:31.721  INFO 3528 --- [http-nio-2020-exec-1] o.s.b.f.xml.XmlBeanDefinitionReader      : Loading XML bean definitions from class path resource [org/springframework/jdbc/support/sql-error-codes.xml]
2018-09-15 11:45:45.326  INFO 3528 --- [RMI TCP Connection(2)-127.0.0.1] inMXBeanRegistrar$SpringApplicationAdmin : Application shutdown requested.
2018-09-15 11:45:45.326  INFO 3528 --- [RMI TCP Connection(2)-127.0.0.1] ConfigServletWebServerApplicationContext : Closing org.springframework.boot.web.servlet.context.AnnotationConfigServletWebServerApplicationContext@79b06cab: startup date [Sat Sep 15 11:40:56 IST 2018]; root of context hierarchy
2018-09-15 11:45:45.329  INFO 3528 --- [RMI TCP Connection(2)-127.0.0.1] com.zaxxer.hikari.HikariDataSource       : onlineparking - Shutdown initiated...
2018-09-15 11:45:45.336  INFO 3528 --- [RMI TCP Connection(2)-127.0.0.1] com.zaxxer.hikari.HikariDataSource       : onlineparking - Shutdown completed.
2018-09-15 11:45:55.370  INFO 3204 --- [main] com.online.OnlineparkingApplication      : Starting OnlineparkingApplication on WINCTRL-M2ISIS1 with PID 3204 (F:\onlineparking-app\onlineparking\bin\main started by hp in F:\onlineparking-app\onlineparking)
2018-09-15 11:45:55.372  INFO 3204 --- [main] com.online.OnlineparkingApplication      : No active profile set, falling back to default profiles: default
2018-09-15 11:45:55.411  INFO 3204 --- [main] ConfigServletWebServerApplicationContext : Refreshing org.springframework.boot.web.servlet.context.AnnotationConfigServletWebServerApplicationContext@1534f01b: startup date [Sat Sep 15 11:45:55 IST 2018]; root of context hierarchy
2018-09-15 11:45:56.701  INFO 3204 --- [main] o.s.b.w.embedded.tomcat.TomcatWebServer  : Tomcat initialized with port(s): 2020 (http)
2018-09-15 11:45:56.725  INFO 3204 --- [main] o.apache.catalina.core.StandardService   : Starting service [Tomcat]
2018-09-15 11:45:56.726  INFO 3204 --- [main] org.apache.catalina.core.StandardEngine  : Starting Servlet Engine: Apache Tomcat/8.5.34
2018-09-15 11:45:56.730  INFO 3204 --- [localhost-startStop-1] o.a.catalina.core.AprLifecycleListener   : The APR based Apache Tomcat Native library which allows optimal performance in production environments was not found on the java.library.path: [C:\Program Files\Java\jre1.8.0_92\bin;C:\Windows\Sun\Java\bin;C:\Windows\system32;C:\Windows;C:/Program Files/Java/jre1.8.0_92/bin/server;C:/Program Files/Java/jre1.8.0_92/bin;C:/Program Files/Java/jre1.8.0_92/lib/amd64;C:\ProgramData\Oracle\Java\javapath;E:\apache-maven-3.3.9\bin;C:\Program Files\Java\jdk1.7.0_80\bin;C:\Program Files (x86)\Java\jdk1.7.0\bin;C:\oraclexe\app\oracle\product\11.2.0\server\bin;.;C:\Program Files (x86)\Skype\Phone\;C:\Program Files\Java\jdk1.8.0_92\jre;.C:\Program Files\Java\jre7;.;F:\sts-3.9.5.RELEASE;;.]
2018-09-15 11:45:56.850  INFO 3204 --- [localhost-startStop-1] o.a.c.c.C.[.[.[/onlineparking]           : Initializing Spring embedded WebApplicationContext
2018-09-15 11:45:56.851  INFO 3204 --- [localhost-startStop-1] o.s.web.context.ContextLoader            : Root WebApplicationContext: initialization completed in 1439 ms
2018-09-15 11:45:56.912  INFO 3204 --- [localhost-startStop-1] o.s.b.w.servlet.ServletRegistrationBean  : Servlet dispatcherServlet mapped to [/]
2018-09-15 11:45:56.915  INFO 3204 --- [localhost-startStop-1] o.s.b.w.servlet.FilterRegistrationBean   : Mapping filter: 'characterEncodingFilter' to: [/*]
2018-09-15 11:45:56.916  INFO 3204 --- [localhost-startStop-1] o.s.b.w.servlet.FilterRegistrationBean   : Mapping filter: 'hiddenHttpMethodFilter' to: [/*]
2018-09-15 11:45:56.916  INFO 3204 --- [localhost-startStop-1] o.s.b.w.servlet.FilterRegistrationBean   : Mapping filter: 'httpPutFormContentFilter' to: [/*]
2018-09-15 11:45:56.916  INFO 3204 --- [localhost-startStop-1] o.s.b.w.servlet.FilterRegistrationBean   : Mapping filter: 'requestContextFilter' to: [/*]
2018-09-15 11:45:57.146  INFO 3204 --- [main] o.s.w.s.handler.SimpleUrlHandlerMapping  : Mapped URL path [/**/favicon.ico] onto handler of type [class org.springframework.web.servlet.resource.ResourceHttpRequestHandler]
2018-09-15 11:45:57.337  INFO 3204 --- [main] s.w.s.m.m.a.RequestMappingHandlerAdapter : Looking for @ControllerAdvice: org.springframework.boot.web.servlet.context.AnnotationConfigServletWebServerApplicationContext@1534f01b: startup date [Sat Sep 15 11:45:55 IST 2018]; root of context hierarchy
2018-09-15 11:45:57.387  INFO 3204 --- [main] s.w.s.m.m.a.RequestMappingHandlerMapping : Mapped "{[/mvc/onlineRegister],methods=[POST]}" onto public java.lang.Boolean com.online.module.admin.RagistrationController.insert(com.online.module.bean.RagistrationVO)
2018-09-15 11:45:57.388  INFO 3204 --- [main] s.w.s.m.m.a.RequestMappingHandlerMapping : Mapped "{[/mvc/getAllCity],methods=[GET]}" onto public java.util.List<com.online.module.bean.CityVO> com.online.module.admin.RagistrationController.getAllCity()
2018-09-15 11:45:57.391  INFO 3204 --- [main] s.w.s.m.m.a.RequestMappingHandlerMapping : Mapped "{[/error]}" onto public org.springframework.http.ResponseEntity<java.util.Map<java.lang.String, java.lang.Object>> org.springframework.boot.autoconfigure.web.servlet.error.BasicErrorController.error(javax.servlet.http.HttpServletRequest)
2018-09-15 11:45:57.392  INFO 3204 --- [main] s.w.s.m.m.a.RequestMappingHandlerMapping : Mapped "{[/error],produces=[text/html]}" onto public org.springframework.web.servlet.ModelAndView org.springframework.boot.autoconfigure.web.servlet.error.BasicErrorController.errorHtml(javax.servlet.http.HttpServletRequest,javax.servlet.http.HttpServletResponse)
2018-09-15 11:45:57.422  INFO 3204 --- [main] o.s.w.s.handler.SimpleUrlHandlerMapping  : Mapped URL path [/webjars/**] onto handler of type [class org.springframework.web.servlet.resource.ResourceHttpRequestHandler]
2018-09-15 11:45:57.422  INFO 3204 --- [main] o.s.w.s.handler.SimpleUrlHandlerMapping  : Mapped URL path [/**] onto handler of type [class org.springframework.web.servlet.resource.ResourceHttpRequestHandler]
2018-09-15 11:45:57.679  INFO 3204 --- [main] o.s.b.w.embedded.tomcat.TomcatWebServer  : Tomcat started on port(s): 2020 (http) with context path '/onlineparking'
2018-09-15 11:45:57.682  INFO 3204 --- [main] com.online.OnlineparkingApplication      : Started OnlineparkingApplication in 2.653 seconds (JVM running for 3.34)
2018-09-15 11:46:05.755  INFO 3204 --- [http-nio-2020-exec-1] o.a.c.c.C.[.[.[/onlineparking]           : Initializing Spring FrameworkServlet 'dispatcherServlet'
2018-09-15 11:46:05.756  INFO 3204 --- [http-nio-2020-exec-1] o.s.web.servlet.DispatcherServlet        : FrameworkServlet 'dispatcherServlet': initialization started
2018-09-15 11:46:05.783  INFO 3204 --- [http-nio-2020-exec-1] o.s.web.servlet.DispatcherServlet        : FrameworkServlet 'dispatcherServlet': initialization completed in 27 ms
2018-09-15 11:46:05.815  INFO 3204 --- [http-nio-2020-exec-1] com.zaxxer.hikari.HikariDataSource       : onlineparking - Starting...
2018-09-15 11:46:06.139  INFO 3204 --- [http-nio-2020-exec-1] com.zaxxer.hikari.HikariDataSource       : onlineparking - Start completed.
2018-09-15 11:46:06.342  INFO 3204 --- [http-nio-2020-exec-1] o.s.b.f.xml.XmlBeanDefinitionReader      : Loading XML bean definitions from class path resource [org/springframework/jdbc/support/sql-error-codes.xml]
2018-09-15 11:51:17.659  INFO 3204 --- [RMI TCP Connection(2)-127.0.0.1] inMXBeanRegistrar$SpringApplicationAdmin : Application shutdown requested.
2018-09-15 11:51:17.659  INFO 3204 --- [RMI TCP Connection(2)-127.0.0.1] ConfigServletWebServerApplicationContext : Closing org.springframework.boot.web.servlet.context.AnnotationConfigServletWebServerApplicationContext@1534f01b: startup date [Sat Sep 15 11:45:55 IST 2018]; root of context hierarchy
2018-09-15 11:51:17.669  INFO 3204 --- [RMI TCP Connection(2)-127.0.0.1] com.zaxxer.hikari.HikariDataSource       : onlineparking - Shutdown initiated...
2018-09-15 11:51:17.669  INFO 3204 --- [RMI TCP Connection(2)-127.0.0.1] com.zaxxer.hikari.HikariDataSource       : onlineparking - Shutdown completed.
2018-09-15 11:51:25.664  INFO 5676 --- [main] com.online.OnlineparkingApplication      : Starting OnlineparkingApplication on WINCTRL-M2ISIS1 with PID 5676 (F:\onlineparking-app\onlineparking\bin\main started by hp in F:\onlineparking-app\onlineparking)
2018-09-15 11:51:25.674  INFO 5676 --- [main] com.online.OnlineparkingApplication      : No active profile set, falling back to default profiles: default
2018-09-15 11:51:25.714  INFO 5676 --- [main] ConfigServletWebServerApplicationContext : Refreshing org.springframework.boot.web.servlet.context.AnnotationConfigServletWebServerApplicationContext@2f7c2f4f: startup date [Sat Sep 15 11:51:25 IST 2018]; root of context hierarchy
2018-09-15 11:51:27.024  INFO 5676 --- [main] o.s.b.w.embedded.tomcat.TomcatWebServer  : Tomcat initialized with port(s): 2020 (http)
2018-09-15 11:51:27.040  INFO 5676 --- [main] o.apache.catalina.core.StandardService   : Starting service [Tomcat]
2018-09-15 11:51:27.040  INFO 5676 --- [main] org.apache.catalina.core.StandardEngine  : Starting Servlet Engine: Apache Tomcat/8.5.34
2018-09-15 11:51:27.050  INFO 5676 --- [localhost-startStop-1] o.a.catalina.core.AprLifecycleListener   : The APR based Apache Tomcat Native library which allows optimal performance in production environments was not found on the java.library.path: [C:\Program Files\Java\jre1.8.0_92\bin;C:\Windows\Sun\Java\bin;C:\Windows\system32;C:\Windows;C:/Program Files/Java/jre1.8.0_92/bin/server;C:/Program Files/Java/jre1.8.0_92/bin;C:/Program Files/Java/jre1.8.0_92/lib/amd64;C:\ProgramData\Oracle\Java\javapath;E:\apache-maven-3.3.9\bin;C:\Program Files\Java\jdk1.7.0_80\bin;C:\Program Files (x86)\Java\jdk1.7.0\bin;C:\oraclexe\app\oracle\product\11.2.0\server\bin;.;C:\Program Files (x86)\Skype\Phone\;C:\Program Files\Java\jdk1.8.0_92\jre;.C:\Program Files\Java\jre7;.;F:\sts-3.9.5.RELEASE;;.]
2018-09-15 11:51:27.160  INFO 5676 --- [localhost-startStop-1] o.a.c.c.C.[.[.[/onlineparking]           : Initializing Spring embedded WebApplicationContext
2018-09-15 11:51:27.160  INFO 5676 --- [localhost-startStop-1] o.s.web.context.ContextLoader            : Root WebApplicationContext: initialization completed in 1446 ms
2018-09-15 11:51:27.240  INFO 5676 --- [localhost-startStop-1] o.s.b.w.servlet.ServletRegistrationBean  : Servlet dispatcherServlet mapped to [/]
2018-09-15 11:51:27.240  INFO 5676 --- [localhost-startStop-1] o.s.b.w.servlet.FilterRegistrationBean   : Mapping filter: 'characterEncodingFilter' to: [/*]
2018-09-15 11:51:27.240  INFO 5676 --- [localhost-startStop-1] o.s.b.w.servlet.FilterRegistrationBean   : Mapping filter: 'hiddenHttpMethodFilter' to: [/*]
2018-09-15 11:51:27.240  INFO 5676 --- [localhost-startStop-1] o.s.b.w.servlet.FilterRegistrationBean   : Mapping filter: 'httpPutFormContentFilter' to: [/*]
2018-09-15 11:51:27.240  INFO 5676 --- [localhost-startStop-1] o.s.b.w.servlet.FilterRegistrationBean   : Mapping filter: 'requestContextFilter' to: [/*]
2018-09-15 11:51:27.528  INFO 5676 --- [main] o.s.w.s.handler.SimpleUrlHandlerMapping  : Mapped URL path [/**/favicon.ico] onto handler of type [class org.springframework.web.servlet.resource.ResourceHttpRequestHandler]
2018-09-15 11:51:27.735  INFO 5676 --- [main] s.w.s.m.m.a.RequestMappingHandlerAdapter : Looking for @ControllerAdvice: org.springframework.boot.web.servlet.context.AnnotationConfigServletWebServerApplicationContext@2f7c2f4f: startup date [Sat Sep 15 11:51:25 IST 2018]; root of context hierarchy
2018-09-15 11:51:27.785  INFO 5676 --- [main] s.w.s.m.m.a.RequestMappingHandlerMapping : Mapped "{[/mvc/onlineRegister],methods=[POST]}" onto public java.lang.Boolean com.online.module.admin.RagistrationController.insert(com.online.module.bean.RagistrationVO)
2018-09-15 11:51:27.785  INFO 5676 --- [main] s.w.s.m.m.a.RequestMappingHandlerMapping : Mapped "{[/mvc/getAllCity],methods=[GET]}" onto public java.util.List<com.online.module.bean.CityVO> com.online.module.admin.RagistrationController.getAllCity()
2018-09-15 11:51:27.785  INFO 5676 --- [main] s.w.s.m.m.a.RequestMappingHandlerMapping : Mapped "{[/error]}" onto public org.springframework.http.ResponseEntity<java.util.Map<java.lang.String, java.lang.Object>> org.springframework.boot.autoconfigure.web.servlet.error.BasicErrorController.error(javax.servlet.http.HttpServletRequest)
2018-09-15 11:51:27.785  INFO 5676 --- [main] s.w.s.m.m.a.RequestMappingHandlerMapping : Mapped "{[/error],produces=[text/html]}" onto public org.springframework.web.servlet.ModelAndView org.springframework.boot.autoconfigure.web.servlet.error.BasicErrorController.errorHtml(javax.servlet.http.HttpServletRequest,javax.servlet.http.HttpServletResponse)
2018-09-15 11:51:27.818  INFO 5676 --- [main] o.s.w.s.handler.SimpleUrlHandlerMapping  : Mapped URL path [/webjars/**] onto handler of type [class org.springframework.web.servlet.resource.ResourceHttpRequestHandler]
2018-09-15 11:51:27.818  INFO 5676 --- [main] o.s.w.s.handler.SimpleUrlHandlerMapping  : Mapped URL path [/**] onto handler of type [class org.springframework.web.servlet.resource.ResourceHttpRequestHandler]
2018-09-15 11:51:28.084  INFO 5676 --- [main] o.s.b.w.embedded.tomcat.TomcatWebServer  : Tomcat started on port(s): 2020 (http) with context path '/onlineparking'
2018-09-15 11:51:28.094  INFO 5676 --- [main] com.online.OnlineparkingApplication      : Started OnlineparkingApplication in 2.834 seconds (JVM running for 3.496)
2018-09-15 11:51:35.373  INFO 5676 --- [http-nio-2020-exec-1] o.a.c.c.C.[.[.[/onlineparking]           : Initializing Spring FrameworkServlet 'dispatcherServlet'
2018-09-15 11:51:35.373  INFO 5676 --- [http-nio-2020-exec-1] o.s.web.servlet.DispatcherServlet        : FrameworkServlet 'dispatcherServlet': initialization started
2018-09-15 11:51:35.392  INFO 5676 --- [http-nio-2020-exec-1] o.s.web.servlet.DispatcherServlet        : FrameworkServlet 'dispatcherServlet': initialization completed in 19 ms
2018-09-15 11:51:35.424  INFO 5676 --- [http-nio-2020-exec-1] com.zaxxer.hikari.HikariDataSource       : onlineparking - Starting...
2018-09-15 11:51:36.035  INFO 5676 --- [http-nio-2020-exec-1] com.zaxxer.hikari.HikariDataSource       : onlineparking - Start completed.
2018-09-15 11:51:36.434  INFO 5676 --- [http-nio-2020-exec-1] o.s.b.f.xml.XmlBeanDefinitionReader      : Loading XML bean definitions from class path resource [org/springframework/jdbc/support/sql-error-codes.xml]
2018-09-15 11:53:12.609  INFO 5676 --- [RMI TCP Connection(2)-127.0.0.1] inMXBeanRegistrar$SpringApplicationAdmin : Application shutdown requested.
2018-09-15 11:53:12.609  INFO 5676 --- [RMI TCP Connection(2)-127.0.0.1] ConfigServletWebServerApplicationContext : Closing org.springframework.boot.web.servlet.context.AnnotationConfigServletWebServerApplicationContext@2f7c2f4f: startup date [Sat Sep 15 11:51:25 IST 2018]; root of context hierarchy
2018-09-15 11:53:12.612  INFO 5676 --- [RMI TCP Connection(2)-127.0.0.1] com.zaxxer.hikari.HikariDataSource       : onlineparking - Shutdown initiated...
2018-09-15 11:53:12.622  INFO 5676 --- [RMI TCP Connection(2)-127.0.0.1] com.zaxxer.hikari.HikariDataSource       : onlineparking - Shutdown completed.
2018-09-15 11:53:22.457  INFO 3972 --- [main] com.online.OnlineparkingApplication      : Starting OnlineparkingApplication on WINCTRL-M2ISIS1 with PID 3972 (F:\onlineparking-app\onlineparking\bin\main started by hp in F:\onlineparking-app\onlineparking)
2018-09-15 11:53:22.460  INFO 3972 --- [main] com.online.OnlineparkingApplication      : No active profile set, falling back to default profiles: default
2018-09-15 11:53:22.499  INFO 3972 --- [main] ConfigServletWebServerApplicationContext : Refreshing org.springframework.boot.web.servlet.context.AnnotationConfigServletWebServerApplicationContext@20d28811: startup date [Sat Sep 15 11:53:22 IST 2018]; root of context hierarchy
2018-09-15 11:53:23.632  INFO 3972 --- [main] o.s.b.w.embedded.tomcat.TomcatWebServer  : Tomcat initialized with port(s): 2020 (http)
2018-09-15 11:53:23.656  INFO 3972 --- [main] o.apache.catalina.core.StandardService   : Starting service [Tomcat]
2018-09-15 11:53:23.657  INFO 3972 --- [main] org.apache.catalina.core.StandardEngine  : Starting Servlet Engine: Apache Tomcat/8.5.34
2018-09-15 11:53:23.661  INFO 3972 --- [localhost-startStop-1] o.a.catalina.core.AprLifecycleListener   : The APR based Apache Tomcat Native library which allows optimal performance in production environments was not found on the java.library.path: [C:\Program Files\Java\jre1.8.0_92\bin;C:\Windows\Sun\Java\bin;C:\Windows\system32;C:\Windows;C:/Program Files/Java/jre1.8.0_92/bin/server;C:/Program Files/Java/jre1.8.0_92/bin;C:/Program Files/Java/jre1.8.0_92/lib/amd64;C:\ProgramData\Oracle\Java\javapath;E:\apache-maven-3.3.9\bin;C:\Program Files\Java\jdk1.7.0_80\bin;C:\Program Files (x86)\Java\jdk1.7.0\bin;C:\oraclexe\app\oracle\product\11.2.0\server\bin;.;C:\Program Files (x86)\Skype\Phone\;C:\Program Files\Java\jdk1.8.0_92\jre;.C:\Program Files\Java\jre7;.;F:\sts-3.9.5.RELEASE;;.]
2018-09-15 11:53:23.756  INFO 3972 --- [localhost-startStop-1] o.a.c.c.C.[.[.[/onlineparking]           : Initializing Spring embedded WebApplicationContext
2018-09-15 11:53:23.756  INFO 3972 --- [localhost-startStop-1] o.s.web.context.ContextLoader            : Root WebApplicationContext: initialization completed in 1257 ms
2018-09-15 11:53:23.826  INFO 3972 --- [localhost-startStop-1] o.s.b.w.servlet.ServletRegistrationBean  : Servlet dispatcherServlet mapped to [/]
2018-09-15 11:53:23.830  INFO 3972 --- [localhost-startStop-1] o.s.b.w.servlet.FilterRegistrationBean   : Mapping filter: 'characterEncodingFilter' to: [/*]
2018-09-15 11:53:23.831  INFO 3972 --- [localhost-startStop-1] o.s.b.w.servlet.FilterRegistrationBean   : Mapping filter: 'hiddenHttpMethodFilter' to: [/*]
2018-09-15 11:53:23.831  INFO 3972 --- [localhost-startStop-1] o.s.b.w.servlet.FilterRegistrationBean   : Mapping filter: 'httpPutFormContentFilter' to: [/*]
2018-09-15 11:53:23.831  INFO 3972 --- [localhost-startStop-1] o.s.b.w.servlet.FilterRegistrationBean   : Mapping filter: 'requestContextFilter' to: [/*]
2018-09-15 11:53:24.039  INFO 3972 --- [main] o.s.w.s.handler.SimpleUrlHandlerMapping  : Mapped URL path [/**/favicon.ico] onto handler of type [class org.springframework.web.servlet.resource.ResourceHttpRequestHandler]
2018-09-15 11:53:24.220  INFO 3972 --- [main] s.w.s.m.m.a.RequestMappingHandlerAdapter : Looking for @ControllerAdvice: org.springframework.boot.web.servlet.context.AnnotationConfigServletWebServerApplicationContext@20d28811: startup date [Sat Sep 15 11:53:22 IST 2018]; root of context hierarchy
2018-09-15 11:53:24.269  INFO 3972 --- [main] s.w.s.m.m.a.RequestMappingHandlerMapping : Mapped "{[/mvc/onlineRegister],methods=[POST]}" onto public java.lang.Boolean com.online.module.admin.RagistrationController.insert(com.online.module.bean.RagistrationVO)
2018-09-15 11:53:24.270  INFO 3972 --- [main] s.w.s.m.m.a.RequestMappingHandlerMapping : Mapped "{[/mvc/getAllCity],methods=[GET]}" onto public java.util.List<com.online.module.bean.CityVO> com.online.module.admin.RagistrationController.getAllCity()
2018-09-15 11:53:24.273  INFO 3972 --- [main] s.w.s.m.m.a.RequestMappingHandlerMapping : Mapped "{[/error]}" onto public org.springframework.http.ResponseEntity<java.util.Map<java.lang.String, java.lang.Object>> org.springframework.boot.autoconfigure.web.servlet.error.BasicErrorController.error(javax.servlet.http.HttpServletRequest)
2018-09-15 11:53:24.273  INFO 3972 --- [main] s.w.s.m.m.a.RequestMappingHandlerMapping : Mapped "{[/error],produces=[text/html]}" onto public org.springframework.web.servlet.ModelAndView org.springframework.boot.autoconfigure.web.servlet.error.BasicErrorController.errorHtml(javax.servlet.http.HttpServletRequest,javax.servlet.http.HttpServletResponse)
2018-09-15 11:53:24.322  INFO 3972 --- [main] o.s.w.s.handler.SimpleUrlHandlerMapping  : Mapped URL path [/webjars/**] onto handler of type [class org.springframework.web.servlet.resource.ResourceHttpRequestHandler]
2018-09-15 11:53:24.322  INFO 3972 --- [main] o.s.w.s.handler.SimpleUrlHandlerMapping  : Mapped URL path [/**] onto handler of type [class org.springframework.web.servlet.resource.ResourceHttpRequestHandler]
2018-09-15 11:53:24.550  INFO 3972 --- [main] o.s.b.w.embedded.tomcat.TomcatWebServer  : Tomcat started on port(s): 2020 (http) with context path '/onlineparking'
2018-09-15 11:53:24.553  INFO 3972 --- [main] com.online.OnlineparkingApplication      : Started OnlineparkingApplication in 2.426 seconds (JVM running for 3.015)
2018-09-15 11:53:31.710  INFO 3972 --- [http-nio-2020-exec-1] o.a.c.c.C.[.[.[/onlineparking]           : Initializing Spring FrameworkServlet 'dispatcherServlet'
2018-09-15 11:53:31.711  INFO 3972 --- [http-nio-2020-exec-1] o.s.web.servlet.DispatcherServlet        : FrameworkServlet 'dispatcherServlet': initialization started
2018-09-15 11:53:31.728  INFO 3972 --- [http-nio-2020-exec-1] o.s.web.servlet.DispatcherServlet        : FrameworkServlet 'dispatcherServlet': initialization completed in 17 ms
2018-09-15 11:53:31.756  INFO 3972 --- [http-nio-2020-exec-1] com.zaxxer.hikari.HikariDataSource       : onlineparking - Starting...
2018-09-15 11:53:32.132  INFO 3972 --- [http-nio-2020-exec-1] com.zaxxer.hikari.HikariDataSource       : onlineparking - Start completed.
2018-09-15 12:48:02.579  INFO 3972 --- [RMI TCP Connection(2)-127.0.0.1] inMXBeanRegistrar$SpringApplicationAdmin : Application shutdown requested.
2018-09-15 12:48:02.579  INFO 3972 --- [RMI TCP Connection(2)-127.0.0.1] ConfigServletWebServerApplicationContext : Closing org.springframework.boot.web.servlet.context.AnnotationConfigServletWebServerApplicationContext@20d28811: startup date [Sat Sep 15 11:53:22 IST 2018]; root of context hierarchy
2018-09-15 12:48:02.582  INFO 3972 --- [RMI TCP Connection(2)-127.0.0.1] com.zaxxer.hikari.HikariDataSource       : onlineparking - Shutdown initiated...
2018-09-15 12:48:02.588  INFO 3972 --- [RMI TCP Connection(2)-127.0.0.1] com.zaxxer.hikari.HikariDataSource       : onlineparking - Shutdown completed.
2018-09-15 12:48:09.118  INFO 3200 --- [main] com.online.OnlineparkingApplication      : Starting OnlineparkingApplication on WINCTRL-M2ISIS1 with PID 3200 (F:\onlineparking-app\onlineparking\bin\main started by hp in F:\onlineparking-app\onlineparking)
2018-09-15 12:48:09.120  INFO 3200 --- [main] com.online.OnlineparkingApplication      : No active profile set, falling back to default profiles: default
2018-09-15 12:48:09.158  INFO 3200 --- [main] ConfigServletWebServerApplicationContext : Refreshing org.springframework.boot.web.servlet.context.AnnotationConfigServletWebServerApplicationContext@6af93788: startup date [Sat Sep 15 12:48:09 IST 2018]; root of context hierarchy
2018-09-15 12:48:10.318  INFO 3200 --- [main] o.s.b.w.embedded.tomcat.TomcatWebServer  : Tomcat initialized with port(s): 2020 (http)
2018-09-15 12:48:10.339  INFO 3200 --- [main] o.apache.catalina.core.StandardService   : Starting service [Tomcat]
2018-09-15 12:48:10.339  INFO 3200 --- [main] org.apache.catalina.core.StandardEngine  : Starting Servlet Engine: Apache Tomcat/8.5.34
2018-09-15 12:48:10.339  INFO 3200 --- [localhost-startStop-1] o.a.catalina.core.AprLifecycleListener   : The APR based Apache Tomcat Native library which allows optimal performance in production environments was not found on the java.library.path: [C:\Program Files\Java\jre1.8.0_92\bin;C:\Windows\Sun\Java\bin;C:\Windows\system32;C:\Windows;C:/Program Files/Java/jre1.8.0_92/bin/server;C:/Program Files/Java/jre1.8.0_92/bin;C:/Program Files/Java/jre1.8.0_92/lib/amd64;C:\ProgramData\Oracle\Java\javapath;E:\apache-maven-3.3.9\bin;C:\Program Files\Java\jdk1.7.0_80\bin;C:\Program Files (x86)\Java\jdk1.7.0\bin;C:\oraclexe\app\oracle\product\11.2.0\server\bin;.;C:\Program Files (x86)\Skype\Phone\;C:\Program Files\Java\jdk1.8.0_92\jre;.C:\Program Files\Java\jre7;.;F:\sts-3.9.5.RELEASE;;.]
2018-09-15 12:48:10.454  INFO 3200 --- [localhost-startStop-1] o.a.c.c.C.[.[.[/onlineparking]           : Initializing Spring embedded WebApplicationContext
2018-09-15 12:48:10.454  INFO 3200 --- [localhost-startStop-1] o.s.web.context.ContextLoader            : Root WebApplicationContext: initialization completed in 1296 ms
2018-09-15 12:48:10.514  INFO 3200 --- [localhost-startStop-1] o.s.b.w.servlet.ServletRegistrationBean  : Servlet dispatcherServlet mapped to [/]
2018-09-15 12:48:10.514  INFO 3200 --- [localhost-startStop-1] o.s.b.w.servlet.FilterRegistrationBean   : Mapping filter: 'characterEncodingFilter' to: [/*]
2018-09-15 12:48:10.514  INFO 3200 --- [localhost-startStop-1] o.s.b.w.servlet.FilterRegistrationBean   : Mapping filter: 'hiddenHttpMethodFilter' to: [/*]
2018-09-15 12:48:10.514  INFO 3200 --- [localhost-startStop-1] o.s.b.w.servlet.FilterRegistrationBean   : Mapping filter: 'httpPutFormContentFilter' to: [/*]
2018-09-15 12:48:10.514  INFO 3200 --- [localhost-startStop-1] o.s.b.w.servlet.FilterRegistrationBean   : Mapping filter: 'requestContextFilter' to: [/*]
2018-09-15 12:48:10.734  INFO 3200 --- [main] o.s.w.s.handler.SimpleUrlHandlerMapping  : Mapped URL path [/**/favicon.ico] onto handler of type [class org.springframework.web.servlet.resource.ResourceHttpRequestHandler]
2018-09-15 12:48:10.914  INFO 3200 --- [main] s.w.s.m.m.a.RequestMappingHandlerAdapter : Looking for @ControllerAdvice: org.springframework.boot.web.servlet.context.AnnotationConfigServletWebServerApplicationContext@6af93788: startup date [Sat Sep 15 12:48:09 IST 2018]; root of context hierarchy
2018-09-15 12:48:10.964  INFO 3200 --- [main] s.w.s.m.m.a.RequestMappingHandlerMapping : Mapped "{[/mvc/onlineRegister],methods=[POST]}" onto public java.lang.Boolean com.online.module.admin.RagistrationController.insert(com.online.module.bean.RagistrationVO)
2018-09-15 12:48:10.964  INFO 3200 --- [main] s.w.s.m.m.a.RequestMappingHandlerMapping : Mapped "{[/mvc/getAllArea],methods=[GET]}" onto public java.util.List<com.online.module.bean.CityAreaVO> com.online.module.admin.RagistrationController.getAllAreaRecord(int)
2018-09-15 12:48:10.964  INFO 3200 --- [main] s.w.s.m.m.a.RequestMappingHandlerMapping : Mapped "{[/mvc/getAllCity],methods=[GET]}" onto public java.util.List<com.online.module.bean.CityVO> com.online.module.admin.RagistrationController.getAllCity()
2018-09-15 12:48:10.974  INFO 3200 --- [main] s.w.s.m.m.a.RequestMappingHandlerMapping : Mapped "{[/error]}" onto public org.springframework.http.ResponseEntity<java.util.Map<java.lang.String, java.lang.Object>> org.springframework.boot.autoconfigure.web.servlet.error.BasicErrorController.error(javax.servlet.http.HttpServletRequest)
2018-09-15 12:48:10.974  INFO 3200 --- [main] s.w.s.m.m.a.RequestMappingHandlerMapping : Mapped "{[/error],produces=[text/html]}" onto public org.springframework.web.servlet.ModelAndView org.springframework.boot.autoconfigure.web.servlet.error.BasicErrorController.errorHtml(javax.servlet.http.HttpServletRequest,javax.servlet.http.HttpServletResponse)
2018-09-15 12:48:10.994  INFO 3200 --- [main] o.s.w.s.handler.SimpleUrlHandlerMapping  : Mapped URL path [/webjars/**] onto handler of type [class org.springframework.web.servlet.resource.ResourceHttpRequestHandler]
2018-09-15 12:48:10.994  INFO 3200 --- [main] o.s.w.s.handler.SimpleUrlHandlerMapping  : Mapped URL path [/**] onto handler of type [class org.springframework.web.servlet.resource.ResourceHttpRequestHandler]
2018-09-15 12:48:11.254  INFO 3200 --- [main] o.s.b.w.embedded.tomcat.TomcatWebServer  : Tomcat started on port(s): 2020 (http) with context path '/onlineparking'
2018-09-15 12:48:11.264  INFO 3200 --- [main] com.online.OnlineparkingApplication      : Started OnlineparkingApplication in 2.48 seconds (JVM running for 3.252)
2018-09-15 12:48:54.423  INFO 3200 --- [http-nio-2020-exec-1] o.a.c.c.C.[.[.[/onlineparking]           : Initializing Spring FrameworkServlet 'dispatcherServlet'
2018-09-15 12:48:54.423  INFO 3200 --- [http-nio-2020-exec-1] o.s.web.servlet.DispatcherServlet        : FrameworkServlet 'dispatcherServlet': initialization started
2018-09-15 12:48:54.444  INFO 3200 --- [http-nio-2020-exec-1] o.s.web.servlet.DispatcherServlet        : FrameworkServlet 'dispatcherServlet': initialization completed in 21 ms
2018-09-15 12:50:32.926  INFO 3200 --- [http-nio-2020-exec-3] com.zaxxer.hikari.HikariDataSource       : onlineparking - Starting...
2018-09-15 12:50:46.580  INFO 3200 --- [http-nio-2020-exec-3] com.zaxxer.hikari.HikariDataSource       : onlineparking - Start completed.
2018-09-15 13:30:50.508  WARN 3200 --- [onlineparking housekeeper] com.zaxxer.hikari.pool.HikariPool        : onlineparking - Thread starvation or clock leap detected (housekeeper delta=23m33s530ms395s145ns).
2018-09-15 13:38:38.064  INFO 3200 --- [RMI TCP Connection(2)-127.0.0.1] inMXBeanRegistrar$SpringApplicationAdmin : Application shutdown requested.
2018-09-15 13:38:38.064  INFO 3200 --- [RMI TCP Connection(2)-127.0.0.1] ConfigServletWebServerApplicationContext : Closing org.springframework.boot.web.servlet.context.AnnotationConfigServletWebServerApplicationContext@6af93788: startup date [Sat Sep 15 12:48:09 IST 2018]; root of context hierarchy
2018-09-15 13:38:38.074  INFO 3200 --- [RMI TCP Connection(2)-127.0.0.1] com.zaxxer.hikari.HikariDataSource       : onlineparking - Shutdown initiated...
2018-09-15 13:38:38.085  INFO 3200 --- [RMI TCP Connection(2)-127.0.0.1] com.zaxxer.hikari.HikariDataSource       : onlineparking - Shutdown completed.
